TN:
SF:/Users/pinsirgh/Documents/C3_SimpleBashUtils-1/src/string/s21_memchr.c
FN:3,11,s21_memchr
FNDA:3,s21_memchr
FNF:1
FNH:1
DA:3,3
DA:4,3
DA:5,18
DA:6,18
DA:7,15
DA:8,15
DA:10,0
LF:7
LH:6
end_of_record
TN:
SF:/Users/pinsirgh/Documents/C3_SimpleBashUtils-1/src/string/string_tests.c
FN:23,37,main
FN:6,20,memchr_test_fn
FNDA:2,main
FNDA:1,memchr_test_fn
FNF:2
FNH:2
DA:6,1
DA:7,1
DA:8,1
DA:9,1
DA:17,1
DA:18,1
DA:19,1
DA:20,1
DA:23,2
DA:24,2
DA:25,2
DA:27,2
DA:30,2
DA:31,2
DA:32,2
DA:33,2
DA:34,1
DA:35,1
DA:36,1
LF:19
LH:19
end_of_record
