TN:
SF:/Users/pinsirgh/Desktop/C2_s21_stringplus-2/src/s21_memchr.c
FN:3,11,s21_memchr
FNDA:8,s21_memchr
FNF:1
FNH:1
DA:3,8
DA:4,8
DA:5,34
DA:6,33
DA:7,26
DA:8,26
DA:10,1
LF:7
LH:7
end_of_record
TN:
SF:/Users/pinsirgh/Desktop/C2_s21_stringplus-2/src/s21_memcmp.c
FN:2,12,s21_memcmp
FNDA:10,s21_memcmp
FNF:1
FNH:1
DA:2,10
DA:3,10
DA:4,10
DA:5,10
DA:6,45
DA:7,35
DA:8,3
DA:11,10
LF:8
LH:8
end_of_record
TN:
SF:/Users/pinsirgh/Desktop/C2_s21_stringplus-2/src/s21_memcpy.c
FN:2,11,s21_memcpy
FNDA:9,s21_memcpy
FNF:1
FNH:1
DA:2,9
DA:3,9
DA:4,9
DA:5,209
DA:6,200
DA:7,200
DA:8,200
DA:10,9
LF:8
LH:8
end_of_record
TN:
SF:/Users/pinsirgh/Desktop/C2_s21_stringplus-2/src/s21_memmove.c
FN:2,23,s21_memmove
FNDA:11,s21_memmove
FNF:1
FNH:1
DA:2,11
DA:3,11
DA:4,11
DA:5,11
DA:6,11
DA:7,4
DA:8,4
DA:9,4
DA:13,7
DA:14,7
DA:15,7
DA:17,117
DA:18,106
DA:19,106
DA:20,106
DA:22,11
LF:16
LH:16
end_of_record
